Watching for file changes with StatReloader
System check identified some issues:

WARNINGS:
todos.Todo: (models.W042) Auto-created primary key used when not defining a primary key type, by default 'django.db.models.AutoField'.
	HINT: Configure the DEFAULT_AUTO_FIELD setting or the TodosConfig.default_auto_field attribute to point to a subclass of AutoField, e.g. 'django.db.models.BigAutoField'.

System check identified 1 issue (0 silenced).
Error: That port is already in use.
Watching for file changes with StatReloader
Performing system checks...

System check identified some issues:

WARNINGS:
todos.Todo: (models.W042) Auto-created primary key used when not defining a primary key type, by default 'django.db.models.AutoField'.
	HINT: Configure the DEFAULT_AUTO_FIELD setting or the TodosConfig.default_auto_field attribute to point to a subclass of AutoField, e.g. 'django.db.models.BigAutoField'.

System check identified 1 issue (0 silenced).
September 06, 2023 - 02:30:58
Django version 4.2.5, using settings 'todoApp.settings'
Starting development server at http://0.0.0.0:8000/
Quit the server with CONTROL-C.

[06/Sep/2023 02:31:04] "GET /todos/ HTTP/1.1" 200 3530
[06/Sep/2023 02:31:04] "GET /static/css/style.css HTTP/1.1" 304 0
Not Found: /favicon.ico
[06/Sep/2023 02:31:05] "GET /favicon.ico HTTP/1.1" 404 2574
Not Found: /favicon.ico
[06/Sep/2023 02:31:05] "GET /favicon.ico HTTP/1.1" 404 2574
[06/Sep/2023 02:31:07] "GET /todos/ HTTP/1.1" 200 3530
Not Found: /favicon.ico
[06/Sep/2023 02:31:07] "GET /favicon.ico HTTP/1.1" 404 2574
Not Found: /favicon.ico
[06/Sep/2023 02:31:07] "GET /favicon.ico HTTP/1.1" 404 2574
[06/Sep/2023 02:31:08] "GET /todos/ HTTP/1.1" 200 3530
Not Found: /favicon.ico
[06/Sep/2023 02:31:08] "GET /favicon.ico HTTP/1.1" 404 2574
Not Found: /favicon.ico
[06/Sep/2023 02:31:08] "GET /favicon.ico HTTP/1.1" 404 2574
[06/Sep/2023 02:31:09] "GET /todos/ HTTP/1.1" 200 3530
Not Found: /favicon.ico
[06/Sep/2023 02:31:09] "GET /favicon.ico HTTP/1.1" 404 2574
Not Found: /favicon.ico
[06/Sep/2023 02:31:09] "GET /favicon.ico HTTP/1.1" 404 2574
[06/Sep/2023 02:31:45] "GET /todos/ HTTP/1.1" 200 3530
Not Found: /favicon.ico
[06/Sep/2023 02:31:45] "GET /favicon.ico HTTP/1.1" 404 2574
Not Found: /favicon.ico
[06/Sep/2023 02:31:45] "GET /favicon.ico HTTP/1.1" 404 2574
